<?xml version="1.0" encoding="UTF-8"?>
<!-- Generated by org.testng.reporters.JUnitReportReporter -->
<testsuite skipped="0" hostname="CLASSROOM" name="TestScripts.TC2_AddEmp" tests="1" failures="0" timestamp="21 Jan 2020 04:03:28 GMT" time="15.614" errors="0">
  <testcase name="AddEmployee" time="15.614" classname="TestScripts.TC2_AddEmp"/>
</testsuite> <!-- TestScripts.TC2_AddEmp -->
