<?xml version="1.0" encoding="UTF-8"?>
<!-- Generated by org.testng.reporters.JUnitReportReporter -->
<testsuite skipped="0" hostname="CLASSROOM" name="TestScripts.Tc1_Login" tests="1" failures="0" timestamp="11 Mar 2020 05:15:50 GMT" time="13.974" errors="0">
  <testcase name="verifyOrangeHRM" time="13.974" classname="TestScripts.Tc1_Login"/>
</testsuite> <!-- TestScripts.Tc1_Login -->
